1599157754.936261 client started (29242): version 3.1b, socket /run/user/1000/tmux-1000/default, protocol 8
1599157754.936277 on Linux 5.4.59 #1-NixOS SMP Wed Aug 19 06:16:29 UTC 2020; libevent 2.1.12-stable (poll)
1599157754.936284 socket is /run/user/1000/tmux-1000/default
1599157754.936292 trying connect
1599157754.936322 add peer 0x61cb20: 6 ((nil))
1599157754.936357 sending message 100 to peer 0x61cb20 (4 bytes)
1599157754.936359 sending message 101 to peer 0x61cb20 (15 bytes)
1599157754.936361 sending message 102 to peer 0x61cb20 (11 bytes)
1599157754.936363 sending message 108 to peer 0x61cb20 (24 bytes)
1599157754.936365 sending message 104 to peer 0x61cb20 (0 bytes)
1599157754.936367 sending message 107 to peer 0x61cb20 (4 bytes)
1599157754.936368 sending message 105 to peer 0x61cb20 (39 bytes)
1599157754.936370 sending message 105 to peer 0x61cb20 (6 bytes)
1599157754.936372 sending message 105 to peer 0x61cb20 (6 bytes)
1599157754.936373 sending message 105 to peer 0x61cb20 (7 bytes)
1599157754.936375 sending message 105 to peer 0x61cb20 (20 bytes)
1599157754.936377 sending message 105 to peer 0x61cb20 (79 bytes)
1599157754.936379 sending message 105 to peer 0x61cb20 (79 bytes)
1599157754.936380 sending message 105 to peer 0x61cb20 (8 bytes)
1599157754.936382 sending message 105 to peer 0x61cb20 (54 bytes)
1599157754.936384 sending message 105 to peer 0x61cb20 (29 bytes)
1599157754.936385 sending message 105 to peer 0x61cb20 (22 bytes)
1599157754.936387 sending message 105 to peer 0x61cb20 (3133 bytes)
1599157754.936395 sending message 105 to peer 0x61cb20 (36 bytes)
1599157754.936397 sending message 105 to peer 0x61cb20 (48 bytes)
1599157754.936399 sending message 105 to peer 0x61cb20 (284 bytes)
1599157754.936400 sending message 105 to peer 0x61cb20 (11 bytes)
1599157754.936402 sending message 105 to peer 0x61cb20 (12 bytes)
1599157754.936404 sending message 105 to peer 0x61cb20 (122 bytes)
1599157754.936406 sending message 105 to peer 0x61cb20 (24 bytes)
1599157754.936407 sending message 105 to peer 0x61cb20 (95 bytes)
1599157754.936409 sending message 105 to peer 0x61cb20 (1430 bytes)
1599157754.936411 sending message 105 to peer 0x61cb20 (331 bytes)
1599157754.936413 sending message 105 to peer 0x61cb20 (59 bytes)
1599157754.936414 sending message 105 to peer 0x61cb20 (20 bytes)
1599157754.936416 sending message 105 to peer 0x61cb20 (998 bytes)
1599157754.936418 sending message 105 to peer 0x61cb20 (299 bytes)
1599157754.936420 sending message 105 to peer 0x61cb20 (20 bytes)
1599157754.936422 sending message 105 to peer 0x61cb20 (121 bytes)
1599157754.936423 sending message 105 to peer 0x61cb20 (17 bytes)
1599157754.936425 sending message 105 to peer 0x61cb20 (6 bytes)
1599157754.936427 sending message 105 to peer 0x61cb20 (174 bytes)
1599157754.936428 sending message 105 to peer 0x61cb20 (64 bytes)
1599157754.936430 sending message 105 to peer 0x61cb20 (17 bytes)
1599157754.936432 sending message 105 to peer 0x61cb20 (1506 bytes)
1599157754.936434 sending message 105 to peer 0x61cb20 (209 bytes)
1599157754.936436 sending message 105 to peer 0x61cb20 (28 bytes)
1599157754.936437 sending message 105 to peer 0x61cb20 (23 bytes)
1599157754.936439 sending message 105 to peer 0x61cb20 (43 bytes)
1599157754.936441 sending message 105 to peer 0x61cb20 (81 bytes)
1599157754.936442 sending message 105 to peer 0x61cb20 (60 bytes)
1599157754.936444 sending message 105 to peer 0x61cb20 (19 bytes)
1599157754.936446 sending message 105 to peer 0x61cb20 (29 bytes)
1599157754.936447 sending message 105 to peer 0x61cb20 (69 bytes)
1599157754.936449 sending message 105 to peer 0x61cb20 (54 bytes)
1599157754.936451 sending message 105 to peer 0x61cb20 (170 bytes)
1599157754.936453 sending message 105 to peer 0x61cb20 (24 bytes)
1599157754.936454 sending message 105 to peer 0x61cb20 (84 bytes)
1599157754.936456 sending message 105 to peer 0x61cb20 (18 bytes)
1599157754.936458 sending message 105 to peer 0x61cb20 (273 bytes)
1599157754.936459 sending message 105 to peer 0x61cb20 (120 bytes)
1599157754.936461 sending message 105 to peer 0x61cb20 (126 bytes)
1599157754.936466 sending message 105 to peer 0x61cb20 (21 bytes)
1599157754.936468 sending message 105 to peer 0x61cb20 (61 bytes)
1599157754.936470 sending message 105 to peer 0x61cb20 (6 bytes)
1599157754.936471 sending message 105 to peer 0x61cb20 (15 bytes)
1599157754.936473 sending message 105 to peer 0x61cb20 (16 bytes)
1599157754.936475 sending message 105 to peer 0x61cb20 (16 bytes)
1599157754.936476 sending message 105 to peer 0x61cb20 (22 bytes)
1599157754.936478 sending message 105 to peer 0x61cb20 (14 bytes)
1599157754.936480 sending message 105 to peer 0x61cb20 (1787 bytes)
1599157754.936482 sending message 105 to peer 0x61cb20 (28 bytes)
1599157754.936484 sending message 105 to peer 0x61cb20 (17 bytes)
1599157754.936485 sending message 105 to peer 0x61cb20 (19 bytes)
1599157754.936487 sending message 105 to peer 0x61cb20 (349 bytes)
1599157754.936489 sending message 105 to peer 0x61cb20 (218 bytes)
1599157754.936491 sending message 105 to peer 0x61cb20 (373 bytes)
1599157754.936492 sending message 105 to peer 0x61cb20 (14 bytes)
1599157754.936494 sending message 105 to peer 0x61cb20 (16 bytes)
1599157754.936496 sending message 105 to peer 0x61cb20 (38 bytes)
1599157754.936497 sending message 105 to peer 0x61cb20 (8 bytes)
1599157754.936499 sending message 105 to peer 0x61cb20 (10 bytes)
1599157754.936501 sending message 105 to peer 0x61cb20 (28 bytes)
1599157754.936503 sending message 105 to peer 0x61cb20 (180 bytes)
1599157754.936504 sending message 105 to peer 0x61cb20 (16 bytes)
1599157754.936506 sending message 105 to peer 0x61cb20 (12 bytes)
1599157754.936508 sending message 105 to peer 0x61cb20 (20 bytes)
1599157754.936509 sending message 105 to peer 0x61cb20 (23 bytes)
1599157754.936511 sending message 105 to peer 0x61cb20 (20 bytes)
1599157754.936513 sending message 105 to peer 0x61cb20 (187 bytes)
1599157754.936515 sending message 105 to peer 0x61cb20 (19 bytes)
1599157754.936516 sending message 105 to peer 0x61cb20 (22 bytes)
1599157754.936518 sending message 105 to peer 0x61cb20 (27 bytes)
1599157754.936520 sending message 105 to peer 0x61cb20 (20 bytes)
1599157754.936521 sending message 105 to peer 0x61cb20 (14 bytes)
1599157754.936523 sending message 105 to peer 0x61cb20 (18 bytes)
1599157754.936524 sending message 105 to peer 0x61cb20 (38 bytes)
1599157754.936526 sending message 105 to peer 0x61cb20 (399 bytes)
1599157754.936528 sending message 105 to peer 0x61cb20 (170 bytes)
1599157754.936530 sending message 105 to peer 0x61cb20 (33 bytes)
1599157754.936532 sending message 105 to peer 0x61cb20 (225 bytes)
1599157754.936533 sending message 105 to peer 0x61cb20 (52 bytes)
1599157754.936535 sending message 105 to peer 0x61cb20 (31 bytes)
1599157754.936537 sending message 105 to peer 0x61cb20 (15 bytes)
1599157754.936538 sending message 105 to peer 0x61cb20 (52 bytes)
1599157754.936540 sending message 105 to peer 0x61cb20 (23 bytes)
1599157754.936541 sending message 105 to peer 0x61cb20 (33 bytes)
1599157754.936543 sending message 105 to peer 0x61cb20 (17 bytes)
1599157754.936545 sending message 105 to peer 0x61cb20 (58 bytes)
1599157754.936546 sending message 105 to peer 0x61cb20 (21 bytes)
1599157754.936548 sending message 105 to peer 0x61cb20 (11 bytes)
1599157754.936550 sending message 105 to peer 0x61cb20 (21 bytes)
1599157754.936551 sending message 105 to peer 0x61cb20 (25 bytes)
1599157754.936553 sending message 105 to peer 0x61cb20 (31 bytes)
1599157754.936555 sending message 105 to peer 0x61cb20 (135 bytes)
1599157754.936557 sending message 105 to peer 0x61cb20 (74 bytes)
1599157754.936558 sending message 105 to peer 0x61cb20 (16 bytes)
1599157754.936560 sending message 105 to peer 0x61cb20 (16 bytes)
1599157754.936562 sending message 105 to peer 0x61cb20 (26 bytes)
1599157754.936563 sending message 105 to peer 0x61cb20 (17 bytes)
1599157754.936565 sending message 105 to peer 0x61cb20 (27 bytes)
1599157754.936567 sending message 105 to peer 0x61cb20 (14 bytes)
1599157754.936568 sending message 105 to peer 0x61cb20 (24 bytes)
1599157754.936570 sending message 105 to peer 0x61cb20 (18 bytes)
1599157754.936573 sending message 105 to peer 0x61cb20 (28 bytes)
1599157754.936575 sending message 105 to peer 0x61cb20 (9 bytes)
1599157754.936576 sending message 105 to peer 0x61cb20 (16 bytes)
1599157754.936578 sending message 105 to peer 0x61cb20 (15 bytes)
1599157754.936580 sending message 105 to peer 0x61cb20 (19 bytes)
1599157754.936581 sending message 105 to peer 0x61cb20 (90 bytes)
1599157754.936583 sending message 105 to peer 0x61cb20 (58 bytes)
1599157754.936585 sending message 105 to peer 0x61cb20 (12 bytes)
1599157754.936587 sending message 105 to peer 0x61cb20 (9 bytes)
1599157754.936588 sending message 105 to peer 0x61cb20 (20 bytes)
1599157754.936590 sending message 105 to peer 0x61cb20 (23 bytes)
1599157754.936592 sending message 105 to peer 0x61cb20 (29 bytes)
1599157754.936593 sending message 105 to peer 0x61cb20 (72 bytes)
1599157754.936595 sending message 105 to peer 0x61cb20 (257 bytes)
1599157754.936597 sending message 105 to peer 0x61cb20 (64 bytes)
1599157754.936598 sending message 105 to peer 0x61cb20 (12 bytes)
1599157754.936600 sending message 105 to peer 0x61cb20 (20 bytes)
1599157754.936602 sending message 106 to peer 0x61cb20 (0 bytes)
1599157754.936603 sending message 200 to peer 0x61cb20 (4 bytes)
1599157754.936605 client loop enter
1599157754.938407 peer 0x61cb20 message 207
1599157754.938413 sending message 208 to peer 0x61cb20 (0 bytes)
1599157757.662644 peer 0x61cb20 message 201
1599157757.662664 sending message 205 to peer 0x61cb20 (0 bytes)
1599157757.662826 peer 0x61cb20 message 204
1599157757.662828 client loop exit
